----------------------------------------------------------------------------------------------------------------------------------------------------------------------
      name:  log_01
       log:  C:/Users/nicol/Dropbox/Research Projects/Capitanias/results/preliminary_01.log
  log type:  text
 opened on:   8 Feb 2021, 15:49:06

. foreach var of varlist $total_exp $pub_instr $pub_helth $pub_works $illum_exp ///
>         $demo_1920 $foreign $literacy {
  2.         
.         local depvar_label : variable label `var'
  3.         
.         esttab `var'_*, se nobase r2 label star(* .1 ** .05 *** .01) var(30) ///
>                 indicate("State FE = *.mun_uf" "Capitania FE = *.capitania") nocons ///
>                 title("`depvar_label'")
  4. }

Total Expenditure
--------------------------------------------------------------------------------------------------------------------------------------------------------------
                                        (1)             (2)             (3)             (4)             (5)             (6)             (7)             (8)   
                               Total Expe~e    Total Expe~e    Total Expe~e    Total Expe~e    Total Expe~e    Total Expe~e    Total Expe~e    Total Expe~e   
--------------------------------------------------------------------------------------------------------------------------------------------------------------
Treated=1                           76729.1        139794.0       1099586.2       1203662.1        121644.1        200256.9       1154170.3       1272076.8   
                                  (97306.7)      (159516.2)     (1107663.9)     (1352382.9)      (156949.2)      (204527.1)     (1201510.9)     (1455363.6)   

Dist. to Treat                                                                                        328.7**        -210.5          -3.112           43.83   
                                                                                                    (164.4)         (294.8)         (237.6)         (175.6)   

Treated=1 # Dist. to Treat                                                                          -1077.6*         -350.1          -412.8          -517.0   
                                                                                                    (592.9)         (229.2)         (916.5)         (953.8)   

State FE                                 No             Yes              No             Yes              No             Yes              No             Yes   

Capitania FE                             No              No             Yes             Yes              No              No             Yes             Yes   
--------------------------------------------------------------------------------------------------------------------------------------------------------------
Observations                            936             936             936             936             936             936             936             936   
R-squared                             0.001           0.016           0.026           0.029           0.003           0.017           0.026           0.029   
--------------------------------------------------------------------------------------------------------------------------------------------------------------
Standard errors in parentheses
* p<.1, ** p<.05, *** p<.01

Log(Total Expenditure)
--------------------------------------------------------------------------------------------------------------------------------------------------------------
                                        (1)             (2)             (3)             (4)             (5)             (6)             (7)             (8)   
                               Log(Total ~)    Log(Total ~)    Log(Total ~)    Log(Total ~)    Log(Total ~)    Log(Total ~)    Log(Total ~)    Log(Total ~)   
--------------------------------------------------------------------------------------------------------------------------------------------------------------
Treated=1                           -0.0566          -0.259***        1.230**         0.843          -0.383***       -0.112           1.257*          1.123   
                                   (0.0946)        (0.0951)         (0.606)         (0.796)         (0.135)         (0.124)         (0.647)         (0.815)   

Dist. to Treat                                                                                      0.00369***    -0.000637        0.000165       -0.000582   
                                                                                                 (0.000512)      (0.000639)      (0.000733)      (0.000755)   

Treated=1 # Dist. to Treat                                                                         -0.00416***    -0.000606       -0.000426        -0.00116   
                                                                                                 (0.000797)      (0.000897)       (0.00124)       (0.00126)   

State FE                                 No             Yes              No             Yes              No             Yes              No             Yes   

Capitania FE                             No              No             Yes             Yes              No              No             Yes             Yes   
--------------------------------------------------------------------------------------------------------------------------------------------------------------
Observations                            936             936             936             936             936             936             936             936   
R-squared                             0.000           0.346           0.292           0.372           0.045           0.349           0.292           0.374   
--------------------------------------------------------------------------------------------------------------------------------------------------------------
Standard errors in parentheses
* p<.1, ** p<.05, *** p<.01

Total Expenditure per capita (1920 pop.)
--------------------------------------------------------------------------------------------------------------------------------------------------------------
                                        (1)             (2)             (3)             (4)             (5)             (6)             (7)             (8)   
                                   Total..)        Total..)        Total..)        Total..)        Total..)        Total..)        Total..)        Total..)   
--------------------------------------------------------------------------------------------------------------------------------------------------------------
Treated=1                            -0.358          -0.237           16.03           16.22          -0.443           0.425           17.85           18.49   
                                    (0.437)         (0.602)         (10.59)         (12.91)         (0.672)         (0.787)         (11.31)         (13.69)   

Dist. to Treat                                                                                      0.00790***     -0.00221        0.000280        -0.00291   
                                                                                                  (0.00171)       (0.00217)       (0.00277)       (0.00209)   

Treated=1 # Dist. to Treat                                                                          -0.0147***     -0.00401         -0.0143*        -0.0116   
                                                                                                  (0.00315)       (0.00271)       (0.00802)       (0.00781)   

State FE                                 No             Yes              No             Yes              No             Yes              No             Yes   

Capitania FE                             No              No             Yes             Yes              No              No             Yes             Yes   
--------------------------------------------------------------------------------------------------------------------------------------------------------------
Observations                            934             934             934             934             934             934             934             934   
R-squared                             0.001           0.169           0.181           0.212           0.016           0.172           0.189           0.219   
--------------------------------------------------------------------------------------------------------------------------------------------------------------
Standard errors in parentheses
* p<.1, ** p<.05, *** p<.01

Log(Total Expenditure per capita) (1920 pop.)
--------------------------------------------------------------------------------------------------------------------------------------------------------------
                                        (1)             (2)             (3)             (4)             (5)             (6)             (7)             (8)   
                                   Log(T..)        Log(T..)        Log(T..)        Log(T..)        Log(T..)        Log(T..)        Log(T..)        Log(T..)   
--------------------------------------------------------------------------------------------------------------------------------------------------------------
Treated=1                            -0.182**        -0.263***        1.473***        2.000***       -0.356***      -0.0835           1.674***        2.397***
                                   (0.0735)        (0.0708)         (0.427)         (0.546)         (0.104)        (0.0859)         (0.443)         (0.555)   

Dist. to Treat                                                                                      0.00275***    -0.000893*     -0.0000839        -0.00120** 
                                                                                                 (0.000365)      (0.000487)      (0.000553)      (0.000545)   

Treated=1 # Dist. to Treat                                                                         -0.00375***    -0.000514        -0.00142        -0.00116   
                                                                                                 (0.000593)      (0.000765)      (0.000904)      (0.000911)   

State FE                                 No             Yes              No             Yes              No             Yes              No             Yes   

Capitania FE                             No              No             Yes             Yes              No              No             Yes             Yes   
--------------------------------------------------------------------------------------------------------------------------------------------------------------
Observations                            934             934             934             934             934             934             934             934   
R-squared                             0.007           0.431           0.412           0.479           0.051           0.438           0.415           0.488   
--------------------------------------------------------------------------------------------------------------------------------------------------------------
Standard errors in parentheses
* p<.1, ** p<.05, *** p<.01

Public Instruction Expenditure
--------------------------------------------------------------------------------------------------------------------------------------------------------------
                                        (1)             (2)             (3)             (4)             (5)             (6)             (7)             (8)   
                               Public Ins~e    Public Ins~e    Public Ins~e    Public Ins~e    Public Ins~e    Public Ins~e    Public Ins~e    Public Ins~e   
--------------------------------------------------------------------------------------------------------------------------------------------------------------
Treated=1                             563.9         -1837.9         12260.7         17682.7         -1416.8         -1890.2          9918.0         19732.6   
                                   (1822.3)        (1373.5)       (16700.4)       (21008.0)        (1845.8)        (1801.1)       (18647.0)       (22452.6)   

Dist. to Treat                                                                                        8.858           2.528           0.905          -1.469   
                                                                                                    (9.452)         (8.969)         (9.295)         (10.62)   

Treated=1 # Dist. to Treat                                                                            1.451          -4.132           16.08          -12.32   
                                                                                                    (11.89)         (10.01)         (22.62)         (19.54)   

State FE                                 No             Yes              No             Yes              No             Yes              No             Yes   

Capitania FE                             No              No             Yes             Yes              No              No             Yes             Yes   
--------------------------------------------------------------------------------------------------------------------------------------------------------------
Observations                            831             831             831             831             831             831             831             831   
R-squared                             0.000           0.032           0.017           0.044           0.002           0.032           0.018           0.044   
--------------------------------------------------------------------------------------------------------------------------------------------------------------
Standard errors in parentheses
* p<.1, ** p<.05, *** p<.01

Log(Public Instruction Expenditure)
--------------------------------------------------------------------------------------------------------------------------------------------------------------
                                        (1)             (2)             (3)             (4)             (5)             (6)             (7)             (8)   
                               Log(Public~u    Log(Public~u    Log(Public~u    Log(Public~u    Log(Public~u    Log(Public~u    Log(Public~u    Log(Public~u   
--------------------------------------------------------------------------------------------------------------------------------------------------------------
Treated=1                            0.0391          -0.297**        -0.182           0.615          -0.442***       -0.234          -0.521           0.680   
                                    (0.115)         (0.133)         (0.797)         (0.995)         (0.160)         (0.172)         (0.882)         (1.012)   

Dist. to Treat                                                                                      0.00290***     0.000474         0.00100        0.000635   
                                                                                                 (0.000738)       (0.00105)       (0.00108)       (0.00124)   

Treated=1 # Dist. to Treat                                                                         -0.00124        -0.00156         0.00151        -0.00129   
                                                                                                  (0.00107)       (0.00135)       (0.00169)       (0.00181)   

State FE                                 No             Yes              No             Yes              No             Yes              No             Yes   

Capitania FE                             No              No             Yes             Yes              No              No             Yes             Yes   
--------------------------------------------------------------------------------------------------------------------------------------------------------------
Observations                            611             611             611             611             611             611             611             611   
R-squared                             0.000           0.175           0.104           0.220           0.035           0.178           0.110           0.221   
--------------------------------------------------------------------------------------------------------------------------------------------------------------
Standard errors in parentheses
* p<.1, ** p<.05, *** p<.01

Public Instruction Expenditure per capita (1920 pop.)
--------------------------------------------------------------------------------------------------------------------------------------------------------------
                                        (1)             (2)             (3)             (4)             (5)             (6)             (7)             (8)   
                                   Publi..)        Publi..)        Publi..)        Publi..)        Publi..)        Publi..)        Publi..)        Publi..)   
--------------------------------------------------------------------------------------------------------------------------------------------------------------
Treated=1                          -0.00898         -0.0314           0.255           0.631**       -0.0539**       -0.0273           0.233           0.664** 
                                   (0.0190)        (0.0231)         (0.214)         (0.272)        (0.0255)        (0.0286)         (0.228)         (0.277)   

Dist. to Treat                                                                                     0.000125       -0.000157       -0.000140       -0.000255   
                                                                                                 (0.000168)      (0.000163)      (0.000178)      (0.000200)   

Treated=1 # Dist. to Treat                                                                         0.000180        0.000246        0.000350       0.0000954   
                                                                                                 (0.000200)      (0.000205)      (0.000276)      (0.000289)   

State FE                                 No             Yes              No             Yes              No             Yes              No             Yes   

Capitania FE                             No              No             Yes             Yes              No              No             Yes             Yes   
--------------------------------------------------------------------------------------------------------------------------------------------------------------
Observations                            830             830             830             830             830             830             830             830   
R-squared                             0.000           0.078           0.048           0.121           0.008           0.080           0.050           0.124   
--------------------------------------------------------------------------------------------------------------------------------------------------------------
Standard errors in parentheses
* p<.1, ** p<.05, *** p<.01

Log(Public Instruction Expenditure per capita) (1920 pop.)
--------------------------------------------------------------------------------------------------------------------------------------------------------------
                                        (1)             (2)             (3)             (4)             (5)             (6)             (7)             (8)   
                                   Log(P..)        Log(P..)        Log(P..)        Log(P..)        Log(P..)        Log(P..)        Log(P..)        Log(P..)   
--------------------------------------------------------------------------------------------------------------------------------------------------------------
Treated=1                           -0.0594          -0.252**         0.119           2.086**        -0.382***       -0.148         -0.0712           2.249***
                                   (0.0936)         (0.111)         (0.677)         (0.853)         (0.126)         (0.137)         (0.720)         (0.860)   

Dist. to Treat                                                                                      0.00183***   -0.0000977        0.000342       -0.000335   
                                                                                                 (0.000593)      (0.000820)      (0.000879)      (0.000968)   

Treated=1 # Dist. to Treat                                                                        -0.000625        -0.00100         0.00114       -0.000760   
                                                                                                 (0.000913)       (0.00116)       (0.00141)       (0.00146)   

State FE                                 No             Yes              No             Yes              No             Yes              No             Yes   

Capitania FE                             No              No             Yes             Yes              No              No             Yes             Yes   
--------------------------------------------------------------------------------------------------------------------------------------------------------------
Observations                            610             610             610             610             610             610             610             610   
R-squared                             0.001           0.187           0.100           0.241           0.023           0.190           0.103           0.242   
--------------------------------------------------------------------------------------------------------------------------------------------------------------
Standard errors in parentheses
* p<.1, ** p<.05, *** p<.01

Public Health Expenditure
--------------------------------------------------------------------------------------------------------------------------------------------------------------
                                        (1)             (2)             (3)             (4)             (5)             (6)             (7)             (8)   
                               Public Hea~e    Public Hea~e    Public Hea~e    Public Hea~e    Public Hea~e    Public Hea~e    Public Hea~e    Public Hea~e   
--------------------------------------------------------------------------------------------------------------------------------------------------------------
Treated=1                            6115.5          9783.1         44612.4         48830.4         10043.2         13850.2         44870.0         50311.9   
                                   (7867.0)       (12716.0)       (51460.2)       (64318.0)       (12762.1)       (16106.2)       (56571.0)       (69508.7)   

Dist. to Treat                                                                                        16.02          -12.08          -3.430           2.558   
                                                                                                    (19.33)         (24.96)         (16.19)         (19.45)   

Treated=1 # Dist. to Treat                                                                           -68.68          -27.47           2.583          -13.56   
                                                                                                    (49.08)         (23.87)         (54.41)         (62.12)   

State FE                                 No             Yes              No             Yes              No             Yes              No             Yes   

Capitania FE                             No              No             Yes             Yes              No              No             Yes             Yes   
--------------------------------------------------------------------------------------------------------------------------------------------------------------
Observations                            831             831             831             831             831             831             831             831   
R-squared                             0.001           0.010           0.020           0.022           0.002           0.011           0.020           0.022   
--------------------------------------------------------------------------------------------------------------------------------------------------------------
Standard errors in parentheses
* p<.1, ** p<.05, *** p<.01

Log(Public Health Expenditure)
--------------------------------------------------------------------------------------------------------------------------------------------------------------
                                        (1)             (2)             (3)             (4)             (5)             (6)             (7)             (8)   
                               Log(Public~)    Log(Public~)    Log(Public~)    Log(Public~)    Log(Public~)    Log(Public~)    Log(Public~)    Log(Public~)   
--------------------------------------------------------------------------------------------------------------------------------------------------------------
Treated=1                           -0.0412          -0.262*          1.628*          1.423          -0.144         -0.0447           1.949**         1.911*  
                                    (0.140)         (0.152)         (0.926)         (1.034)         (0.194)         (0.195)         (0.933)         (1.010)   

Dist. to Treat                                                                                      0.00288***    -0.000755       -0.000599       -0.000656   
                                                                                                 (0.000867)       (0.00107)       (0.00112)       (0.00123)   

Treated=1 # Dist. to Treat                                                                         -0.00463***     -0.00133        -0.00157        -0.00388*  
                                                                                                  (0.00133)       (0.00150)       (0.00201)       (0.00212)   

State FE                                 No             Yes              No             Yes              No             Yes              No             Yes   

Capitania FE                             No              No             Yes             Yes              No              No             Yes             Yes   
--------------------------------------------------------------------------------------------------------------------------------------------------------------
Observations                            678             678             678             678             678             678             678             678   
R-squared                             0.000           0.184           0.143           0.205           0.020           0.188           0.146           0.213   
--------------------------------------------------------------------------------------------------------------------------------------------------------------
Standard errors in parentheses
* p<.1, ** p<.05, *** p<.01

Public Health Expenditure per capita (1920 pop.)
--------------------------------------------------------------------------------------------------------------------------------------------------------------
                                        (1)             (2)             (3)             (4)             (5)             (6)             (7)             (8)   
                                   Publi..)        Publi..)        Publi..)        Publi..)        Publi..)        Publi..)        Publi..)        Publi..)   
--------------------------------------------------------------------------------------------------------------------------------------------------------------
Treated=1                          -0.00484        -0.00464           0.796           0.827          0.0143          0.0375           0.889*          0.946   
                                   (0.0312)        (0.0400)         (0.486)         (0.605)        (0.0452)        (0.0515)         (0.521)         (0.639)   

Dist. to Treat                                                                                     0.000146       -0.000322       -0.000278       -0.000332   
                                                                                                 (0.000238)      (0.000233)      (0.000250)      (0.000284)   

Treated=1 # Dist. to Treat                                                                        -0.000468       0.0000882       -0.000326       -0.000399   
                                                                                                 (0.000287)      (0.000255)      (0.000458)      (0.000491)   

State FE                                 No             Yes              No             Yes              No             Yes              No             Yes   

Capitania FE                             No              No             Yes             Yes              No              No             Yes             Yes   
--------------------------------------------------------------------------------------------------------------------------------------------------------------
Observations                            830             830             830             830             830             830             830             830   
R-squared                             0.000           0.070           0.086           0.104           0.004           0.073           0.091           0.109   
--------------------------------------------------------------------------------------------------------------------------------------------------------------
Standard errors in parentheses
* p<.1, ** p<.05, *** p<.01

Log(Public Health Expenditure per capita) (1920 pop.)
--------------------------------------------------------------------------------------------------------------------------------------------------------------
                                        (1)             (2)             (3)             (4)             (5)             (6)             (7)             (8)   
                                   Log(P..)        Log(P..)        Log(P..)        Log(P..)        Log(P..)        Log(P..)        Log(P..)        Log(P..)   
--------------------------------------------------------------------------------------------------------------------------------------------------------------
Treated=1                            -0.196          -0.276**         1.819**         2.597***       -0.120         -0.0235           2.403***        3.140***
                                    (0.121)         (0.133)         (0.737)         (0.776)         (0.165)         (0.162)         (0.705)         (0.771)   

Dist. to Treat                                                                                      0.00218***    -0.000980       -0.000515       -0.000964   
                                                                                                 (0.000747)      (0.000929)      (0.000940)       (0.00102)   

Treated=1 # Dist. to Treat                                                                         -0.00501***     -0.00135        -0.00359**      -0.00399** 
                                                                                                  (0.00120)       (0.00141)       (0.00167)       (0.00185)   

State FE                                 No             Yes              No             Yes              No             Yes              No             Yes   

Capitania FE                             No              No             Yes             Yes              No              No             Yes             Yes   
--------------------------------------------------------------------------------------------------------------------------------------------------------------
Observations                            677             677             677             677             677             677             677             677   
R-squared                             0.004           0.219           0.174           0.252           0.031           0.226           0.185           0.265   
--------------------------------------------------------------------------------------------------------------------------------------------------------------
Standard errors in parentheses
* p<.1, ** p<.05, *** p<.01

Public Works Expenditure
--------------------------------------------------------------------------------------------------------------------------------------------------------------
                                        (1)             (2)             (3)             (4)             (5)             (6)             (7)             (8)   
                               Public Wor~e    Public Wor~e    Public Wor~e    Public Wor~e    Public Wor~e    Public Wor~e    Public Wor~e    Public Wor~e   
--------------------------------------------------------------------------------------------------------------------------------------------------------------
Treated=1                           15969.1         23022.5        194836.2        214065.1         19116.1         33309.5        206194.8        233164.2   
                                  (15798.4)       (25014.3)      (176188.0)      (219850.7)       (25092.5)       (32022.7)      (192591.5)      (236073.1)   

Dist. to Treat                                                                                        98.21***       -15.01           31.76           25.22   
                                                                                                    (23.30)         (45.15)         (36.78)         (29.80)   

Treated=1 # Dist. to Treat                                                                           -222.3**        -98.88**        -125.2          -164.8   
                                                                                                    (96.74)         (41.95)         (160.2)         (165.7)   

State FE                                 No             Yes              No             Yes              No             Yes              No             Yes   

Capitania FE                             No              No             Yes             Yes              No              No             Yes             Yes   
--------------------------------------------------------------------------------------------------------------------------------------------------------------
Observations                            831             831             831             831             831             831             831             831   
R-squared                             0.001           0.029           0.034           0.038           0.004           0.030           0.035           0.039   
--------------------------------------------------------------------------------------------------------------------------------------------------------------
Standard errors in parentheses
* p<.1, ** p<.05, *** p<.01

Log(Public Works Expenditure)
--------------------------------------------------------------------------------------------------------------------------------------------------------------
                                        (1)             (2)             (3)             (4)             (5)             (6)             (7)             (8)   
                               Log(Public~)    Log(Public~)    Log(Public~)    Log(Public~)    Log(Public~)    Log(Public~)    Log(Public~)    Log(Public~)   
--------------------------------------------------------------------------------------------------------------------------------------------------------------
Treated=1                           -0.0393          -0.361***        1.440**         1.009          -0.453**        -0.141           1.510**         1.439   
                                    (0.125)         (0.124)         (0.609)         (0.863)         (0.178)         (0.165)         (0.661)         (0.876)   

Dist. to Treat                                                                                      0.00416***     -0.00126        0.000233       -0.000896   
                                                                                                 (0.000662)      (0.000970)       (0.00113)       (0.00123)   

Treated=1 # Dist. to Treat                                                                         -0.00412***    -0.000385       -0.000818        -0.00179   
                                                                                                  (0.00101)       (0.00127)       (0.00168)       (0.00182)   

State FE                                 No             Yes              No             Yes              No             Yes              No             Yes   

Capitania FE                             No              No             Yes             Yes              No              No             Yes             Yes   
--------------------------------------------------------------------------------------------------------------------------------------------------------------
Observations                            781             781             781             781             781             781             781             781   
R-squared                             0.000           0.325           0.299           0.347           0.037           0.329           0.299           0.351   
--------------------------------------------------------------------------------------------------------------------------------------------------------------
Standard errors in parentheses
* p<.1, ** p<.05, *** p<.01

Public Works Expenditure per capita (1920 pop.)
--------------------------------------------------------------------------------------------------------------------------------------------------------------
                                        (1)             (2)             (3)             (4)             (5)             (6)             (7)             (8)   
                                   Publi..)        Publi..)        Publi..)        Publi..)        Publi..)        Publi..)        Publi..)        Publi..)   
--------------------------------------------------------------------------------------------------------------------------------------------------------------
Treated=1                           -0.0567          -0.151           3.737*          4.074          -0.179          0.0686           4.248**         4.754*  
                                    (0.131)         (0.169)         (2.033)         (2.541)         (0.187)         (0.209)         (2.127)         (2.608)   

Dist. to Treat                                                                                      0.00317***    -0.000407         0.00106*      -0.000398   
                                                                                                 (0.000422)      (0.000451)      (0.000583)      (0.000501)   

Treated=1 # Dist. to Treat                                                                         -0.00505***     -0.00195**      -0.00514***     -0.00421** 
                                                                                                 (0.000840)      (0.000845)       (0.00172)       (0.00182)   

State FE                                 No             Yes              No             Yes              No             Yes              No             Yes   

Capitania FE                             No              No             Yes             Yes              No              No             Yes             Yes   
--------------------------------------------------------------------------------------------------------------------------------------------------------------
Observations                            830             830             830             830             830             830             830             830   
R-squared                             0.000           0.208           0.216           0.242           0.025           0.213           0.225           0.250   
--------------------------------------------------------------------------------------------------------------------------------------------------------------
Standard errors in parentheses
* p<.1, ** p<.05, *** p<.01

Log(Public Works Expenditure per capita) (1920 pop.)
--------------------------------------------------------------------------------------------------------------------------------------------------------------
                                        (1)             (2)             (3)             (4)             (5)             (6)             (7)             (8)   
                                   Log(P..)        Log(P..)        Log(P..)        Log(P..)        Log(P..)        Log(P..)        Log(P..)        Log(P..)   
--------------------------------------------------------------------------------------------------------------------------------------------------------------
Treated=1                            -0.197*         -0.391***        1.662***        2.146***       -0.484***       -0.135           1.922***        2.671***
                                    (0.107)         (0.102)         (0.455)         (0.641)         (0.152)         (0.130)         (0.480)         (0.645)   

Dist. to Treat                                                                                      0.00350***     -0.00158*      0.0000562        -0.00146   
                                                                                                 (0.000537)      (0.000816)      (0.000950)       (0.00101)   

Treated=1 # Dist. to Treat                                                                         -0.00402***    -0.000220        -0.00199        -0.00172   
                                                                                                 (0.000825)       (0.00113)       (0.00135)       (0.00148)   

State FE                                 No             Yes              No             Yes              No             Yes              No             Yes   

Capitania FE                             No              No             Yes             Yes              No              No             Yes             Yes   
--------------------------------------------------------------------------------------------------------------------------------------------------------------
Observations                            780             780             780             780             780             780             780             780   
R-squared                             0.004           0.379           0.374           0.411           0.041           0.387           0.377           0.419   
--------------------------------------------------------------------------------------------------------------------------------------------------------------
Standard errors in parentheses
* p<.1, ** p<.05, *** p<.01

Illumination Expenditure
--------------------------------------------------------------------------------------------------------------------------------------------------------------
                                        (1)             (2)             (3)             (4)             (5)             (6)             (7)             (8)   
                               Illuminati~e    Illuminati~e    Illuminati~e    Illuminati~e    Illuminati~e    Illuminati~e    Illuminati~e    Illuminati~e   
--------------------------------------------------------------------------------------------------------------------------------------------------------------
Treated=1                            -957.6          -946.8         48191.1         47919.2          -950.9           317.6         54358.5         55443.2   
                                   (1697.1)        (2443.0)       (41536.4)       (51966.1)        (2758.2)        (3501.0)       (45046.7)       (55518.5)   

Dist. to Treat                                                                                        18.08*          0.925           7.304           4.755   
                                                                                                    (10.18)         (11.08)         (14.57)         (12.37)   

Treated=1 # Dist. to Treat                                                                           -35.50***       -17.39*         -54.98          -58.26*  
                                                                                                    (13.50)         (10.48)         (35.23)         (34.01)   

State FE                                 No             Yes              No             Yes              No             Yes              No             Yes   

Capitania FE                             No              No             Yes             Yes              No              No             Yes             Yes   
--------------------------------------------------------------------------------------------------------------------------------------------------------------
Observations                            831             831             831             831             831             831             831             831   
R-squared                             0.000           0.052           0.080           0.096           0.007           0.053           0.086           0.102   
--------------------------------------------------------------------------------------------------------------------------------------------------------------
Standard errors in parentheses
* p<.1, ** p<.05, *** p<.01

Log(Illumination Expenditure)
--------------------------------------------------------------------------------------------------------------------------------------------------------------
                                        (1)             (2)             (3)             (4)             (5)             (6)             (7)             (8)   
                               Log(Illumi~)    Log(Illumi~)    Log(Illumi~)    Log(Illumi~)    Log(Illumi~)    Log(Illumi~)    Log(Illumi~)    Log(Illumi~)   
--------------------------------------------------------------------------------------------------------------------------------------------------------------
Treated=1                           -0.0856          -0.200           1.125           1.181          -0.231         -0.0989           1.215*          1.729*  
                                    (0.123)         (0.135)         (0.688)         (0.911)         (0.161)         (0.165)         (0.732)         (0.924)   

Dist. to Treat                                                                                      0.00305***      0.00161         0.00313**       0.00217   
                                                                                                 (0.000990)       (0.00139)       (0.00145)       (0.00152)   

Treated=1 # Dist. to Treat                                                                         -0.00411***     -0.00400**      -0.00467**      -0.00687***
                                                                                                  (0.00123)       (0.00171)       (0.00203)       (0.00209)   

State FE                                 No             Yes              No             Yes              No             Yes              No             Yes   

Capitania FE                             No              No             Yes             Yes              No              No             Yes             Yes   
--------------------------------------------------------------------------------------------------------------------------------------------------------------
Observations                            548             548             548             548             548             548             548             548   
R-squared                             0.001           0.205           0.186           0.240           0.025           0.215           0.197           0.255   
--------------------------------------------------------------------------------------------------------------------------------------------------------------
Standard errors in parentheses
* p<.1, ** p<.05, *** p<.01

Illumination Expenditure per capita (1920 pop.)
--------------------------------------------------------------------------------------------------------------------------------------------------------------
                                        (1)             (2)             (3)             (4)             (5)             (6)             (7)             (8)   
                                   Illum..)        Illum..)        Illum..)        Illum..)        Illum..)        Illum..)        Illum..)        Illum..)   
--------------------------------------------------------------------------------------------------------------------------------------------------------------
Treated=1                           -0.0473         -0.0583           0.677*          0.582         -0.0479         0.00484           0.814*          0.767   
                                   (0.0315)        (0.0392)         (0.397)         (0.486)        (0.0467)        (0.0538)         (0.420)         (0.509)   

Dist. to Treat                                                                                     0.000662***   -0.0000979        0.000266     -0.00000673   
                                                                                                 (0.000185)      (0.000191)      (0.000227)      (0.000217)   

Treated=1 # Dist. to Treat                                                                         -0.00129***    -0.000595**      -0.00135***     -0.00127***
                                                                                                 (0.000247)      (0.000237)      (0.000444)      (0.000430)   

State FE                                 No             Yes              No             Yes              No             Yes              No             Yes   

Capitania FE                             No              No             Yes             Yes              No              No             Yes             Yes   
--------------------------------------------------------------------------------------------------------------------------------------------------------------
Observations                            830             830             830             830             830             830             830             830   
R-squared                             0.003           0.166           0.160           0.188           0.027           0.173           0.170           0.198   
--------------------------------------------------------------------------------------------------------------------------------------------------------------
Standard errors in parentheses
* p<.1, ** p<.05, *** p<.01

Log(Illumination Expenditure per capita) (1920 pop.)
--------------------------------------------------------------------------------------------------------------------------------------------------------------
                                        (1)             (2)             (3)             (4)             (5)             (6)             (7)             (8)   
                                   Log(I..)        Log(I..)        Log(I..)        Log(I..)        Log(I..)        Log(I..)        Log(I..)        Log(I..)   
--------------------------------------------------------------------------------------------------------------------------------------------------------------
Treated=1                            -0.238**        -0.284**         1.373***        2.440***       -0.237*        -0.0735           1.714***        3.096***
                                    (0.111)         (0.118)         (0.430)         (0.590)         (0.144)         (0.138)         (0.436)         (0.641)   

Dist. to Treat                                                                                      0.00269***     0.000549         0.00285**      0.000975   
                                                                                                 (0.000874)       (0.00125)       (0.00118)       (0.00125)   

Treated=1 # Dist. to Treat                                                                         -0.00495***     -0.00369**      -0.00609***     -0.00610***
                                                                                                  (0.00115)       (0.00171)       (0.00170)       (0.00179)   

State FE                                 No             Yes              No             Yes              No             Yes              No             Yes   

Capitania FE                             No              No             Yes             Yes              No              No             Yes             Yes   
--------------------------------------------------------------------------------------------------------------------------------------------------------------
Observations                            547             547             547             547             547             547             547             547   
R-squared                             0.008           0.280           0.280           0.339           0.043           0.295           0.299           0.356   
--------------------------------------------------------------------------------------------------------------------------------------------------------------
Standard errors in parentheses
* p<.1, ** p<.05, *** p<.01

Population, 1920
--------------------------------------------------------------------------------------------------------------------------------------------------------------
                                        (1)             (2)             (3)             (4)             (5)             (6)             (7)             (8)   
                               Populat~1920    Populat~1920    Populat~1920    Populat~1920    Populat~1920    Populat~1920    Populat~1920    Populat~1920   
--------------------------------------------------------------------------------------------------------------------------------------------------------------
Treated=1                            3019.7          2821.1          -224.8        -25245.8**         31.90           951.8         -4252.4        -29618.7** 
                                   (2891.3)        (2490.8)        (8713.5)       (12760.2)        (2819.8)        (3167.7)       (10277.5)       (13372.3)   

Dist. to Treat                                                                                        12.46           8.486          -36.45           12.12   
                                                                                                    (15.19)         (8.718)         (43.51)         (7.957)   

Treated=1 # Dist. to Treat                                                                            3.681           6.370           78.52           13.24   
                                                                                                    (19.26)         (14.13)         (48.21)         (22.89)   

State FE                                 No             Yes              No             Yes              No             Yes              No             Yes   

Capitania FE                             No              No             Yes             Yes              No              No             Yes             Yes   
--------------------------------------------------------------------------------------------------------------------------------------------------------------
Observations                            968             968             968             968             968             968             968             968   
R-squared                             0.001           0.656           0.017           0.664           0.002           0.656           0.021           0.665   
--------------------------------------------------------------------------------------------------------------------------------------------------------------
Standard errors in parentheses
* p<.1, ** p<.05, *** p<.01

Log(Population), 1920
--------------------------------------------------------------------------------------------------------------------------------------------------------------
                                        (1)             (2)             (3)             (4)             (5)             (6)             (7)             (8)   
                               Log(Pop~1920    Log(Pop~1920    Log(Pop~1920    Log(Pop~1920    Log(Pop~1920    Log(Pop~1920    Log(Pop~1920    Log(Pop~1920   
--------------------------------------------------------------------------------------------------------------------------------------------------------------
Treated=1                             0.132***      0.00687          -0.174          -1.047**       -0.0151         -0.0285          -0.338          -1.156***
                                   (0.0490)        (0.0552)         (0.273)         (0.412)        (0.0661)        (0.0696)         (0.308)         (0.422)   

Dist. to Treat                                                                                     0.000907***     0.000240       0.0000713        0.000533   
                                                                                                 (0.000257)      (0.000320)      (0.000367)      (0.000353)   

Treated=1 # Dist. to Treat                                                                        -0.000397      -0.0000298         0.00116       0.0000508   
                                                                                                 (0.000457)      (0.000552)      (0.000740)      (0.000749)   

State FE                                 No             Yes              No             Yes              No             Yes              No             Yes   

Capitania FE                             No              No             Yes             Yes              No              No             Yes             Yes   
--------------------------------------------------------------------------------------------------------------------------------------------------------------
Observations                            968             968             968             968             968             968             968             968   
R-squared                             0.008           0.221           0.080           0.264           0.020           0.222           0.084           0.266   
--------------------------------------------------------------------------------------------------------------------------------------------------------------
Standard errors in parentheses
* p<.1, ** p<.05, *** p<.01

Population Density, 1920, persons per km2
--------------------------------------------------------------------------------------------------------------------------------------------------------------
                                        (1)             (2)             (3)             (4)             (5)             (6)             (7)             (8)   
                               Population~n    Population~n    Population~n    Population~n    Population~n    Population~n    Population~n    Population~n   
--------------------------------------------------------------------------------------------------------------------------------------------------------------
Treated=1                         -2.35e-12       -8.95e-12***    -8.69e-12       -4.03e-12       -2.33e-12       -3.21e-12       -1.29e-11       -6.88e-13   
                                 (3.87e-12)      (2.59e-12)      (8.50e-12)      (1.04e-11)      (3.50e-12)      (3.51e-12)      (1.07e-11)      (1.14e-11)   

Dist. to Treat                                                                                     4.73e-15       -3.77e-14       -1.03e-13**     -5.52e-14** 
                                                                                                 (2.20e-14)      (2.30e-14)      (4.83e-14)      (2.55e-14)   

Treated=1 # Dist. to Treat                                                                        -9.49e-15        2.46e-15        1.68e-13***     4.63e-14   
                                                                                                 (2.71e-14)      (2.34e-14)      (5.60e-14)      (3.14e-14)   

State FE                                 No             Yes              No             Yes              No             Yes              No             Yes   

Capitania FE                             No              No             Yes             Yes              No              No             Yes             Yes   
--------------------------------------------------------------------------------------------------------------------------------------------------------------
Observations                            968             968             968             968             968             968             968             968   
R-squared                             0.000           0.313           0.043           0.318           0.000           0.315           0.055           0.321   
--------------------------------------------------------------------------------------------------------------------------------------------------------------
Standard errors in parentheses
* p<.1, ** p<.05, *** p<.01

Log(Population Density), 1920
--------------------------------------------------------------------------------------------------------------------------------------------------------------
                                        (1)             (2)             (3)             (4)             (5)             (6)             (7)             (8)   
                               Log(Pop~1920    Log(Pop~1920    Log(Pop~1920    Log(Pop~1920    Log(Pop~1920    Log(Pop~1920    Log(Pop~1920    Log(Pop~1920   
--------------------------------------------------------------------------------------------------------------------------------------------------------------
Treated=1                            -0.287***       -0.615***       -0.277           0.283          -0.315***       -0.250***       -0.375           0.524   
                                   (0.0783)        (0.0695)         (0.334)         (0.459)         (0.108)        (0.0842)         (0.383)         (0.472)   

Dist. to Treat                                                                                      0.00145***     -0.00232***     -0.00273***     -0.00262***
                                                                                                 (0.000403)      (0.000437)      (0.000473)      (0.000478)   

Treated=1 # Dist. to Treat                                                                         -0.00261***   0.00000881         0.00434***      0.00166*  
                                                                                                 (0.000715)      (0.000697)       (0.00105)      (0.000886)   

State FE                                 No             Yes              No             Yes              No             Yes              No             Yes   

Capitania FE                             No              No             Yes             Yes              No              No             Yes             Yes   
--------------------------------------------------------------------------------------------------------------------------------------------------------------
Observations                            968             968             968             968             968             968             968             968   
R-squared                             0.014           0.459           0.258           0.524           0.029           0.483           0.277           0.538   
--------------------------------------------------------------------------------------------------------------------------------------------------------------
Standard errors in parentheses
* p<.1, ** p<.05, *** p<.01

Percent Foreign Population, 1920
--------------------------------------------------------------------------------------------------------------------------------------------------------------
                                        (1)             (2)             (3)             (4)             (5)             (6)             (7)             (8)   
                               Percent~1920    Percent~1920    Percent~1920    Percent~1920    Percent~1920    Percent~1920    Percent~1920    Percent~1920   
--------------------------------------------------------------------------------------------------------------------------------------------------------------
Treated=1                            -1.112***       -1.171***        8.914**        -1.324          -1.370**        -1.167**         10.34***       -0.172   
                                    (0.374)         (0.373)         (3.483)         (4.234)         (0.578)         (0.498)         (3.530)         (4.339)   

Dist. to Treat                                                                                       0.0123***      0.00186         0.00686***     0.000719   
                                                                                                  (0.00155)       (0.00123)       (0.00194)       (0.00148)   

Treated=1 # Dist. to Treat                                                                          -0.0219***     -0.00356**       -0.0199***     -0.00829***
                                                                                                  (0.00237)       (0.00157)       (0.00380)       (0.00302)   

State FE                                 No             Yes              No             Yes              No             Yes              No             Yes   

Capitania FE                             No              No             Yes             Yes              No              No             Yes             Yes   
--------------------------------------------------------------------------------------------------------------------------------------------------------------
Observations                            966             966             966             966             966             966             966             966   
R-squared                             0.009           0.534           0.315           0.556           0.053           0.535           0.328           0.558   
--------------------------------------------------------------------------------------------------------------------------------------------------------------
Standard errors in parentheses
* p<.1, ** p<.05, *** p<.01

Log(Percent Foreign Population), 1920
--------------------------------------------------------------------------------------------------------------------------------------------------------------
                                        (1)             (2)             (3)             (4)             (5)             (6)             (7)             (8)   
                               Log(Percen~,    Log(Percen~,    Log(Percen~,    Log(Percen~,    Log(Percen~,    Log(Percen~,    Log(Percen~,    Log(Percen~,   
--------------------------------------------------------------------------------------------------------------------------------------------------------------
Treated=1                            -0.731***       -0.640***        3.925***        3.536***       -1.194***       -0.358**         4.483***        4.338***
                                    (0.174)         (0.123)         (0.636)         (0.829)         (0.252)         (0.150)         (0.637)         (0.824)   

Dist. to Treat                                                                                      0.00673***    -0.000285        0.000677       -0.000571   
                                                                                                 (0.000822)      (0.000725)      (0.000849)      (0.000906)   

Treated=1 # Dist. to Treat                                                                         -0.00883***     -0.00270*       -0.00514***     -0.00480***
                                                                                                  (0.00132)       (0.00142)       (0.00155)       (0.00155)   

State FE                                 No             Yes              No             Yes              No             Yes              No             Yes   

Capitania FE                             No              No             Yes             Yes              No              No             Yes             Yes   
--------------------------------------------------------------------------------------------------------------------------------------------------------------
Observations                            831             831             831             831             831             831             831             831   
R-squared                             0.021           0.714           0.712           0.760           0.073           0.718           0.718           0.766   
--------------------------------------------------------------------------------------------------------------------------------------------------------------
Standard errors in parentheses
* p<.1, ** p<.05, *** p<.01

Log(1 + Percent Foreign Population), 1920
--------------------------------------------------------------------------------------------------------------------------------------------------------------
                                        (1)             (2)             (3)             (4)             (5)             (6)             (7)             (8)   
                               Log(1 + Pe~i    Log(1 + Pe~i    Log(1 + Pe~i    Log(1 + Pe~i    Log(1 + Pe~i    Log(1 + Pe~i    Log(1 + Pe~i    Log(1 + Pe~i   
--------------------------------------------------------------------------------------------------------------------------------------------------------------
Treated=1                            -0.190***       -0.213***        1.486***        0.338          -0.277***       -0.150**         1.740***        0.625   
                                   (0.0595)        (0.0477)         (0.384)         (0.465)        (0.0901)        (0.0605)         (0.380)         (0.462)   

Dist. to Treat                                                                                      0.00232***     0.000173        0.000614**    -0.0000270   
                                                                                                 (0.000241)      (0.000166)      (0.000253)      (0.000192)   

Treated=1 # Dist. to Treat                                                                         -0.00377***     -0.00109***     -0.00274***     -0.00181***
                                                                                                 (0.000422)      (0.000319)      (0.000531)      (0.000443)   

State FE                                 No             Yes              No             Yes              No             Yes              No             Yes   

Capitania FE                             No              No             Yes             Yes              No              No             Yes             Yes   
--------------------------------------------------------------------------------------------------------------------------------------------------------------
Observations                            966             966             966             966             966             966             966             966   
R-squared                             0.010           0.680           0.563           0.701           0.066           0.683           0.573           0.706   
--------------------------------------------------------------------------------------------------------------------------------------------------------------
Standard errors in parentheses
* p<.1, ** p<.05, *** p<.01

Literacy Rate, ages 7-14
--------------------------------------------------------------------------------------------------------------------------------------------------------------
                                        (1)             (2)             (3)             (4)             (5)             (6)             (7)             (8)   
                               Literacy ~14    Literacy ~14    Literacy ~14    Literacy ~14    Literacy ~14    Literacy ~14    Literacy ~14    Literacy ~14   
--------------------------------------------------------------------------------------------------------------------------------------------------------------
Treated=1                           0.00109         0.00139           0.120**         0.113        -0.00411          0.0248*          0.149**         0.158** 
                                  (0.00785)       (0.00993)        (0.0568)        (0.0785)        (0.0123)        (0.0138)        (0.0589)        (0.0725)   

Dist. to Treat                                                                                    0.0000937***    -0.000141***   -0.0000849**     -0.000140***
                                                                                                (0.0000340)     (0.0000378)     (0.0000394)     (0.0000391)   

Treated=1 # Dist. to Treat                                                                        -0.000137**    -0.0000128       -0.000111       -0.000117   
                                                                                                (0.0000684)     (0.0000590)      (0.000117)      (0.000118)   

State FE                                 No             Yes              No             Yes              No             Yes              No             Yes   

Capitania FE                             No              No             Yes             Yes              No              No             Yes             Yes   
--------------------------------------------------------------------------------------------------------------------------------------------------------------
Observations                            968             968             968             968             968             968             968             968   
R-squared                             0.000           0.186           0.190           0.219           0.005           0.196           0.196           0.230   
--------------------------------------------------------------------------------------------------------------------------------------------------------------
Standard errors in parentheses
* p<.1, ** p<.05, *** p<.01

Literacy Rate, age 15+
--------------------------------------------------------------------------------------------------------------------------------------------------------------
                                        (1)             (2)             (3)             (4)             (5)             (6)             (7)             (8)   
                               Literacy~15+    Literacy~15+    Literacy~15+    Literacy~15+    Literacy~15+    Literacy~15+    Literacy~15+    Literacy~15+   
--------------------------------------------------------------------------------------------------------------------------------------------------------------
Treated=1                          -0.00582         0.00320           0.127**         0.183***      -0.0105          0.0184**         0.157***        0.225***
                                  (0.00679)       (0.00724)        (0.0518)        (0.0642)       (0.00943)       (0.00915)        (0.0518)        (0.0634)   

Dist. to Treat                                                                                     0.000132***   -0.0000310      -0.0000260      -0.0000420   
                                                                                                (0.0000391)     (0.0000424)     (0.0000456)     (0.0000463)   

Treated=1 # Dist. to Treat                                                                        -0.000218***    -0.000124*      -0.000197**     -0.000215***
                                                                                                (0.0000612)     (0.0000714)     (0.0000770)     (0.0000813)   

State FE                                 No             Yes              No             Yes              No             Yes              No             Yes   

Capitania FE                             No              No             Yes             Yes              No              No             Yes             Yes   
--------------------------------------------------------------------------------------------------------------------------------------------------------------
Observations                            968             968             968             968             968             968             968             968   
R-squared                             0.001           0.273           0.331           0.349           0.015           0.280           0.339           0.357   
--------------------------------------------------------------------------------------------------------------------------------------------------------------
Standard errors in parentheses
* p<.1, ** p<.05, *** p<.01

. log close log_01
      name:  log_01
       log:  C:/Users/nicol/Dropbox/Research Projects/Capitanias/results/preliminary_01.log
  log type:  text
 closed on:   8 Feb 2021, 15:49:10
----------------------------------------------------------------------------------------------------------------------------------------------------------------------
